2025-06-18 13:35:13,518 DEBUG    root            Loaded Command Group: ['gcloud', 'components']
2025-06-18 13:35:13,520 DEBUG    root            Loaded Command Group: ['gcloud', 'components', 'update']
2025-06-18 13:35:13,522 DEBUG    root            Running [gcloud.components.update] with arguments: [--quiet: "True", COMPONENT-IDS:8: "['gcloud', 'core', 'bq', 'gsutil', 'compute', 'preview', 'alpha', 'beta']"]
2025-06-18 13:35:13,523 INFO     ___FILE_ONLY___ Beginning update. This process may take several minutes.

2025-06-18 13:35:13,532 DEBUG    urllib3.connectionpool Starting new HTTPS connection (1): dl.google.com:443
2025-06-18 13:35:13,626 DEBUG    urllib3.connectionpool https://dl.google.com:443 "GET /dl/cloudsdk/channels/rapid/components-2.json HTTP/11" 200 233994
2025-06-18 13:35:13,639 WARNING  root            Component [compute] no longer exists.
2025-06-18 13:35:13,640 INFO     ___FILE_ONLY___ 

2025-06-18 13:35:13,641 INFO     ___FILE_ONLY___ 
Your current Google Cloud CLI version is: 527.0.0

2025-06-18 13:35:13,641 INFO     ___FILE_ONLY___ Installing components from version: 527.0.0

2025-06-18 13:35:13,641 INFO     ___FILE_ONLY___ 

2025-06-18 13:35:13,641 DEBUG    root            Chosen display Format:table[box,title="These components will be removed."](details.display_name:label=Name:align=left,version.version_string:label=Version:align=right,data.size.size(zero="",min=1048576):label=Size:align=right)
2025-06-18 13:35:13,642 DEBUG    root            Chosen display Format:table[box,title="These components will be updated."](details.display_name:label=Name:align=left,version.version_string:label=Version:align=right,data.size.size(zero="",min=1048576):label=Size:align=right)
2025-06-18 13:35:13,642 DEBUG    root            Chosen display Format:table[box,title="These components will be installed."](details.display_name:label=Name:align=left,version.version_string:label=Version:align=right,data.size.size(zero="",min=1048576):label=Size:align=right)
2025-06-18 13:35:13,655 INFO     ___FILE_ONLY___ ┌────────────────────────────────────────────────┐
2025-06-18 13:35:13,656 INFO     ___FILE_ONLY___ 

2025-06-18 13:35:13,656 INFO     ___FILE_ONLY___ │      These components will be installed.       │
2025-06-18 13:35:13,656 INFO     ___FILE_ONLY___ 

2025-06-18 13:35:13,656 INFO     ___FILE_ONLY___ ├─────────────────────────┬────────────┬─────────┤
2025-06-18 13:35:13,656 INFO     ___FILE_ONLY___ 

2025-06-18 13:35:13,656 INFO     ___FILE_ONLY___ │           Name          │  Version   │   Size  │
2025-06-18 13:35:13,656 INFO     ___FILE_ONLY___ 

2025-06-18 13:35:13,656 INFO     ___FILE_ONLY___ ├─────────────────────────┼────────────┼─────────┤
2025-06-18 13:35:13,656 INFO     ___FILE_ONLY___ 

2025-06-18 13:35:13,656 INFO     ___FILE_ONLY___ │ 
2025-06-18 13:35:13,656 INFO     ___FILE_ONLY___ gcloud Alpha Commands  
2025-06-18 13:35:13,656 INFO     ___FILE_ONLY___  
2025-06-18 13:35:13,656 INFO     ___FILE_ONLY___ │ 
2025-06-18 13:35:13,656 INFO     ___FILE_ONLY___ 2025.06.13
2025-06-18 13:35:13,656 INFO     ___FILE_ONLY___  
2025-06-18 13:35:13,656 INFO     ___FILE_ONLY___ │ 
2025-06-18 13:35:13,656 INFO     ___FILE_ONLY___ < 1 MiB
2025-06-18 13:35:13,656 INFO     ___FILE_ONLY___  
2025-06-18 13:35:13,656 INFO     ___FILE_ONLY___ │
2025-06-18 13:35:13,657 INFO     ___FILE_ONLY___ 

2025-06-18 13:35:13,657 INFO     ___FILE_ONLY___ │ 
2025-06-18 13:35:13,657 INFO     ___FILE_ONLY___ gcloud Beta Commands   
2025-06-18 13:35:13,657 INFO     ___FILE_ONLY___  
2025-06-18 13:35:13,657 INFO     ___FILE_ONLY___ │ 
2025-06-18 13:35:13,657 INFO     ___FILE_ONLY___ 2025.06.13
2025-06-18 13:35:13,657 INFO     ___FILE_ONLY___  
2025-06-18 13:35:13,657 INFO     ___FILE_ONLY___ │ 
2025-06-18 13:35:13,657 INFO     ___FILE_ONLY___ < 1 MiB
2025-06-18 13:35:13,657 INFO     ___FILE_ONLY___  
2025-06-18 13:35:13,657 INFO     ___FILE_ONLY___ │
2025-06-18 13:35:13,657 INFO     ___FILE_ONLY___ 

2025-06-18 13:35:13,657 INFO     ___FILE_ONLY___ │ 
2025-06-18 13:35:13,657 INFO     ___FILE_ONLY___ gcloud Preview Commands
2025-06-18 13:35:13,657 INFO     ___FILE_ONLY___  
2025-06-18 13:35:13,657 INFO     ___FILE_ONLY___ │ 
2025-06-18 13:35:13,657 INFO     ___FILE_ONLY___           
2025-06-18 13:35:13,657 INFO     ___FILE_ONLY___  
2025-06-18 13:35:13,657 INFO     ___FILE_ONLY___ │ 
2025-06-18 13:35:13,657 INFO     ___FILE_ONLY___ < 1 MiB
2025-06-18 13:35:13,657 INFO     ___FILE_ONLY___  
2025-06-18 13:35:13,658 INFO     ___FILE_ONLY___ │
2025-06-18 13:35:13,658 INFO     ___FILE_ONLY___ 

2025-06-18 13:35:13,658 INFO     ___FILE_ONLY___ └─────────────────────────┴────────────┴─────────┘
2025-06-18 13:35:13,658 INFO     ___FILE_ONLY___ 

2025-06-18 13:35:13,658 INFO     ___FILE_ONLY___ 

2025-06-18 13:35:13,661 DEBUG    urllib3.connectionpool Starting new HTTPS connection (1): dl.google.com:443
2025-06-18 13:35:13,687 DEBUG    urllib3.connectionpool https://dl.google.com:443 "GET /dl/cloudsdk/channels/rapid/RELEASE_NOTES HTTP/11" 200 1434924
2025-06-18 13:35:14,147 INFO     ___FILE_ONLY___ For the latest full release notes, please visit:
  https://cloud.google.com/sdk/release_notes


2025-06-18 13:35:14,147 INFO     ___FILE_ONLY___ Performing in place update...


2025-06-18 13:35:14,149 INFO     ___FILE_ONLY___ ╔════════════════════════════════════════════════════════════╗

2025-06-18 13:35:14,149 INFO     ___FILE_ONLY___ ╠═ Downloading: gcloud Alpha Commands                       ═╣

2025-06-18 13:35:14,150 INFO     ___FILE_ONLY___ ╚
2025-06-18 13:35:14,153 DEBUG    urllib3.connectionpool Starting new HTTPS connection (1): dl.google.com:443
2025-06-18 13:35:14,325 DEBUG    urllib3.connectionpool https://dl.google.com:443 "GET /dl/cloudsdk/channels/rapid/components/google-cloud-sdk-alpha-20250613150750.tar.gz HTTP/11" 200 800
2025-06-18 13:35:14,326 INFO     ___FILE_ONLY___ ════════════════════════════════════════════════════════════
2025-06-18 13:35:14,326 INFO     ___FILE_ONLY___ ╝

2025-06-18 13:35:14,328 INFO     ___FILE_ONLY___ ╔════════════════════════════════════════════════════════════╗

2025-06-18 13:35:14,328 INFO     ___FILE_ONLY___ ╠═ Downloading: gcloud Beta Commands                        ═╣

2025-06-18 13:35:14,328 INFO     ___FILE_ONLY___ ╚
2025-06-18 13:35:14,331 DEBUG    urllib3.connectionpool Starting new HTTPS connection (1): dl.google.com:443
2025-06-18 13:35:14,423 DEBUG    urllib3.connectionpool https://dl.google.com:443 "GET /dl/cloudsdk/channels/rapid/components/google-cloud-sdk-beta-20250613150750.tar.gz HTTP/11" 200 797
2025-06-18 13:35:14,424 INFO     ___FILE_ONLY___ ════════════════════════════════════════════════════════════
2025-06-18 13:35:14,424 INFO     ___FILE_ONLY___ ╝

2025-06-18 13:35:14,426 INFO     ___FILE_ONLY___ ╔════════════════════════════════════════════════════════════╗

2025-06-18 13:35:14,426 INFO     ___FILE_ONLY___ ╠═ Downloading: gcloud Preview Commands                     ═╣

2025-06-18 13:35:14,426 INFO     ___FILE_ONLY___ ╚
2025-06-18 13:35:14,429 DEBUG    urllib3.connectionpool Starting new HTTPS connection (1): dl.google.com:443
2025-06-18 13:35:14,583 DEBUG    urllib3.connectionpool https://dl.google.com:443 "GET /dl/cloudsdk/channels/rapid/components/google-cloud-sdk-preview-20241115154308.tar.gz HTTP/11" 200 823
2025-06-18 13:35:14,584 INFO     ___FILE_ONLY___ ════════════════════════════════════════════════════════════
2025-06-18 13:35:14,584 INFO     ___FILE_ONLY___ ╝

2025-06-18 13:35:14,586 INFO     ___FILE_ONLY___ ╔════════════════════════════════════════════════════════════╗

2025-06-18 13:35:14,586 INFO     ___FILE_ONLY___ ╠═ Installing: gcloud Alpha Commands                        ═╣

2025-06-18 13:35:14,586 INFO     ___FILE_ONLY___ ╚
2025-06-18 13:35:14,587 INFO     ___FILE_ONLY___ ════════════════════════════════════════════════════════════
2025-06-18 13:35:14,587 INFO     ___FILE_ONLY___ ╝

2025-06-18 13:35:14,593 INFO     ___FILE_ONLY___ ╔════════════════════════════════════════════════════════════╗

2025-06-18 13:35:14,593 INFO     ___FILE_ONLY___ ╠═ Installing: gcloud Beta Commands                         ═╣

2025-06-18 13:35:14,593 INFO     ___FILE_ONLY___ ╚
2025-06-18 13:35:14,593 INFO     ___FILE_ONLY___ ════════════════════════════════════════════════════════════
2025-06-18 13:35:14,594 INFO     ___FILE_ONLY___ ╝

2025-06-18 13:35:14,599 INFO     ___FILE_ONLY___ ╔════════════════════════════════════════════════════════════╗

2025-06-18 13:35:14,599 INFO     ___FILE_ONLY___ ╠═ Installing: gcloud Preview Commands                      ═╣

2025-06-18 13:35:14,599 INFO     ___FILE_ONLY___ ╚
2025-06-18 13:35:14,600 INFO     ___FILE_ONLY___ ════════════════════════════════════════════════════════════
2025-06-18 13:35:14,600 INFO     ___FILE_ONLY___ ╝

2025-06-18 13:35:14,604 DEBUG    root            Updating notification cache...
2025-06-18 13:35:14,605 INFO     ___FILE_ONLY___ 

2025-06-18 13:35:14,607 INFO     ___FILE_ONLY___ Performing post processing steps...
2025-06-18 13:35:14,607 DEBUG    root            Executing command: ['/tools/google-cloud-sdk/bin/gcloud', 'components', 'post-process']
2025-06-18 13:35:22,854 DEBUG    ___FILE_ONLY___ 
2025-06-18 13:35:22,855 DEBUG    ___FILE_ONLY___ 
2025-06-18 13:35:22,883 INFO     root            descriptor_list: [{'universeDomain': 'googleapis.com', 'universeShortName': '', 'authenticationDomain': 'auth.cloud.google.com', 'projectPrefix': '', 'cloudWebDomain': 'cloud.google.com', 'documentationDomain': 'cloud.google.com', 'version': '1.0.0', 'state': 'primary', 'artifactRegistryDomain': 'pkg.dev'}]
2025-06-18 13:35:22,883 INFO     ___FILE_ONLY___ 
Update done!


2025-06-18 13:35:22,886 DEBUG    root            Chosen display Format:none
2025-06-18 13:35:22,886 INFO     root            Display format: "none"
