2025-06-18 13:34:48,395 DEBUG    root            Loaded Command Group: ['gcloud', 'components']
2025-06-18 13:34:48,399 DEBUG    root            Loaded Command Group: ['gcloud', 'components', 'update']
2025-06-18 13:34:48,401 DEBUG    root            Running [gcloud.components.update] with arguments: [--compile-python: "True", --quiet: "True", COMPONENT-IDS:6: "['core', 'gcloud-deps', 'bq', 'gcloud', 'gcloud-crc32c', 'gsutil']"]
2025-06-18 13:34:48,402 INFO     ___FILE_ONLY___ Beginning update. This process may take several minutes.

2025-06-18 13:34:48,431 DEBUG    urllib3.connectionpool Starting new HTTPS connection (1): dl.google.com:443
2025-06-18 13:34:49,521 DEBUG    urllib3.connectionpool https://dl.google.com:443 "GET /dl/cloudsdk/channels/rapid/components-2.json HTTP/11" 200 233994
2025-06-18 13:34:49,532 INFO     ___FILE_ONLY___ 

2025-06-18 13:34:49,533 INFO     ___FILE_ONLY___ 
Your current Google Cloud CLI version is: 527.0.0

2025-06-18 13:34:49,533 INFO     ___FILE_ONLY___ Installing components from version: 527.0.0

2025-06-18 13:34:49,533 INFO     ___FILE_ONLY___ 

2025-06-18 13:34:49,533 DEBUG    root            Chosen display Format:table[box,title="These components will be removed."](details.display_name:label=Name:align=left,version.version_string:label=Version:align=right,data.size.size(zero="",min=1048576):label=Size:align=right)
2025-06-18 13:34:49,534 DEBUG    root            Chosen display Format:table[box,title="These components will be updated."](details.display_name:label=Name:align=left,version.version_string:label=Version:align=right,data.size.size(zero="",min=1048576):label=Size:align=right)
2025-06-18 13:34:49,534 DEBUG    root            Chosen display Format:table[box,title="These components will be installed."](details.display_name:label=Name:align=left,version.version_string:label=Version:align=right,data.size.size(zero="",min=1048576):label=Size:align=right)
2025-06-18 13:34:49,571 INFO     ___FILE_ONLY___ ┌─────────────────────────────────────────────────────────────────────────────┐
2025-06-18 13:34:49,571 INFO     ___FILE_ONLY___ 

2025-06-18 13:34:49,571 INFO     ___FILE_ONLY___ │                     These components will be installed.                     │
2025-06-18 13:34:49,571 INFO     ___FILE_ONLY___ 

2025-06-18 13:34:49,571 INFO     ___FILE_ONLY___ ├─────────────────────────────────────────────────────┬────────────┬──────────┤
2025-06-18 13:34:49,571 INFO     ___FILE_ONLY___ 

2025-06-18 13:34:49,571 INFO     ___FILE_ONLY___ │                         Name                        │  Version   │   Size   │
2025-06-18 13:34:49,571 INFO     ___FILE_ONLY___ 

2025-06-18 13:34:49,571 INFO     ___FILE_ONLY___ ├─────────────────────────────────────────────────────┼────────────┼──────────┤
2025-06-18 13:34:49,571 INFO     ___FILE_ONLY___ 

2025-06-18 13:34:49,571 INFO     ___FILE_ONLY___ │ 
2025-06-18 13:34:49,572 INFO     ___FILE_ONLY___ BigQuery Command Line Tool                         
2025-06-18 13:34:49,572 INFO     ___FILE_ONLY___  
2025-06-18 13:34:49,572 INFO     ___FILE_ONLY___ │ 
2025-06-18 13:34:49,572 INFO     ___FILE_ONLY___     2.1.18
2025-06-18 13:34:49,572 INFO     ___FILE_ONLY___  
2025-06-18 13:34:49,572 INFO     ___FILE_ONLY___ │ 
2025-06-18 13:34:49,572 INFO     ___FILE_ONLY___  1.8 MiB
2025-06-18 13:34:49,572 INFO     ___FILE_ONLY___  
2025-06-18 13:34:49,572 INFO     ___FILE_ONLY___ │
2025-06-18 13:34:49,572 INFO     ___FILE_ONLY___ 

2025-06-18 13:34:49,572 INFO     ___FILE_ONLY___ │ 
2025-06-18 13:34:49,572 INFO     ___FILE_ONLY___ BigQuery Command Line Tool (Platform Specific)     
2025-06-18 13:34:49,572 INFO     ___FILE_ONLY___  
2025-06-18 13:34:49,573 INFO     ___FILE_ONLY___ │ 
2025-06-18 13:34:49,573 INFO     ___FILE_ONLY___     2.1.17
2025-06-18 13:34:49,573 INFO     ___FILE_ONLY___  
2025-06-18 13:34:49,573 INFO     ___FILE_ONLY___ │ 
2025-06-18 13:34:49,573 INFO     ___FILE_ONLY___  < 1 MiB
2025-06-18 13:34:49,573 INFO     ___FILE_ONLY___  
2025-06-18 13:34:49,573 INFO     ___FILE_ONLY___ │
2025-06-18 13:34:49,573 INFO     ___FILE_ONLY___ 

2025-06-18 13:34:49,573 INFO     ___FILE_ONLY___ │ 
2025-06-18 13:34:49,573 INFO     ___FILE_ONLY___ Bundled Python 3.12 (Platform Specific)            
2025-06-18 13:34:49,573 INFO     ___FILE_ONLY___  
2025-06-18 13:34:49,573 INFO     ___FILE_ONLY___ │ 
2025-06-18 13:34:49,573 INFO     ___FILE_ONLY___     3.12.9
2025-06-18 13:34:49,573 INFO     ___FILE_ONLY___  
2025-06-18 13:34:49,574 INFO     ___FILE_ONLY___ │ 
2025-06-18 13:34:49,574 INFO     ___FILE_ONLY___ 89.3 MiB
2025-06-18 13:34:49,574 INFO     ___FILE_ONLY___  
2025-06-18 13:34:49,574 INFO     ___FILE_ONLY___ │
2025-06-18 13:34:49,574 INFO     ___FILE_ONLY___ 

2025-06-18 13:34:49,574 INFO     ___FILE_ONLY___ │ 
2025-06-18 13:34:49,574 INFO     ___FILE_ONLY___ Cloud Storage Command Line Tool                    
2025-06-18 13:34:49,574 INFO     ___FILE_ONLY___  
2025-06-18 13:34:49,574 INFO     ___FILE_ONLY___ │ 
2025-06-18 13:34:49,574 INFO     ___FILE_ONLY___       5.34
2025-06-18 13:34:49,574 INFO     ___FILE_ONLY___  
2025-06-18 13:34:49,574 INFO     ___FILE_ONLY___ │ 
2025-06-18 13:34:49,574 INFO     ___FILE_ONLY___ 11.8 MiB
2025-06-18 13:34:49,574 INFO     ___FILE_ONLY___  
2025-06-18 13:34:49,574 INFO     ___FILE_ONLY___ │
2025-06-18 13:34:49,575 INFO     ___FILE_ONLY___ 

2025-06-18 13:34:49,575 INFO     ___FILE_ONLY___ │ 
2025-06-18 13:34:49,575 INFO     ___FILE_ONLY___ Cloud Storage Command Line Tool (Platform Specific)
2025-06-18 13:34:49,575 INFO     ___FILE_ONLY___  
2025-06-18 13:34:49,575 INFO     ___FILE_ONLY___ │ 
2025-06-18 13:34:49,575 INFO     ___FILE_ONLY___       5.34
2025-06-18 13:34:49,575 INFO     ___FILE_ONLY___  
2025-06-18 13:34:49,575 INFO     ___FILE_ONLY___ │ 
2025-06-18 13:34:49,575 INFO     ___FILE_ONLY___  < 1 MiB
2025-06-18 13:34:49,575 INFO     ___FILE_ONLY___  
2025-06-18 13:34:49,575 INFO     ___FILE_ONLY___ │
2025-06-18 13:34:49,575 INFO     ___FILE_ONLY___ 

2025-06-18 13:34:49,575 INFO     ___FILE_ONLY___ │ 
2025-06-18 13:34:49,575 INFO     ___FILE_ONLY___ Google Cloud CLI Core Libraries (Platform Specific)
2025-06-18 13:34:49,576 INFO     ___FILE_ONLY___  
2025-06-18 13:34:49,576 INFO     ___FILE_ONLY___ │ 
2025-06-18 13:34:49,576 INFO     ___FILE_ONLY___ 2025.05.23
2025-06-18 13:34:49,576 INFO     ___FILE_ONLY___  
2025-06-18 13:34:49,576 INFO     ___FILE_ONLY___ │ 
2025-06-18 13:34:49,576 INFO     ___FILE_ONLY___  < 1 MiB
2025-06-18 13:34:49,576 INFO     ___FILE_ONLY___  
2025-06-18 13:34:49,576 INFO     ___FILE_ONLY___ │
2025-06-18 13:34:49,576 INFO     ___FILE_ONLY___ 

2025-06-18 13:34:49,576 INFO     ___FILE_ONLY___ │ 
2025-06-18 13:34:49,576 INFO     ___FILE_ONLY___ Google Cloud CRC32C Hash Tool (Platform Specific)  
2025-06-18 13:34:49,576 INFO     ___FILE_ONLY___  
2025-06-18 13:34:49,576 INFO     ___FILE_ONLY___ │ 
2025-06-18 13:34:49,576 INFO     ___FILE_ONLY___      1.0.0
2025-06-18 13:34:49,576 INFO     ___FILE_ONLY___  
2025-06-18 13:34:49,577 INFO     ___FILE_ONLY___ │ 
2025-06-18 13:34:49,577 INFO     ___FILE_ONLY___  1.5 MiB
2025-06-18 13:34:49,577 INFO     ___FILE_ONLY___  
2025-06-18 13:34:49,577 INFO     ___FILE_ONLY___ │
2025-06-18 13:34:49,577 INFO     ___FILE_ONLY___ 

2025-06-18 13:34:49,577 INFO     ___FILE_ONLY___ │ 
2025-06-18 13:34:49,577 INFO     ___FILE_ONLY___ gcloud cli dependencies (Platform Specific)        
2025-06-18 13:34:49,577 INFO     ___FILE_ONLY___  
2025-06-18 13:34:49,577 INFO     ___FILE_ONLY___ │ 
2025-06-18 13:34:49,577 INFO     ___FILE_ONLY___ 2021.04.16
2025-06-18 13:34:49,577 INFO     ___FILE_ONLY___  
2025-06-18 13:34:49,577 INFO     ___FILE_ONLY___ │ 
2025-06-18 13:34:49,577 INFO     ___FILE_ONLY___  < 1 MiB
2025-06-18 13:34:49,577 INFO     ___FILE_ONLY___  
2025-06-18 13:34:49,578 INFO     ___FILE_ONLY___ │
2025-06-18 13:34:49,578 INFO     ___FILE_ONLY___ 

2025-06-18 13:34:49,578 INFO     ___FILE_ONLY___ └─────────────────────────────────────────────────────┴────────────┴──────────┘
2025-06-18 13:34:49,578 INFO     ___FILE_ONLY___ 

2025-06-18 13:34:49,578 INFO     ___FILE_ONLY___ 

2025-06-18 13:34:49,581 DEBUG    urllib3.connectionpool Starting new HTTPS connection (1): dl.google.com:443
2025-06-18 13:34:50,618 DEBUG    urllib3.connectionpool https://dl.google.com:443 "GET /dl/cloudsdk/channels/rapid/RELEASE_NOTES HTTP/11" 200 1434924
2025-06-18 13:34:51,087 INFO     ___FILE_ONLY___ For the latest full release notes, please visit:
  https://cloud.google.com/sdk/release_notes


2025-06-18 13:34:51,088 INFO     ___FILE_ONLY___ Performing in place update...


2025-06-18 13:34:51,090 INFO     ___FILE_ONLY___ ╔════════════════════════════════════════════════════════════╗

2025-06-18 13:34:51,090 INFO     ___FILE_ONLY___ ╠═ Downloading: BigQuery Command Line Tool                  ═╣

2025-06-18 13:34:51,090 INFO     ___FILE_ONLY___ ╚
2025-06-18 13:34:51,093 DEBUG    urllib3.connectionpool Starting new HTTPS connection (1): dl.google.com:443
2025-06-18 13:34:51,279 DEBUG    urllib3.connectionpool https://dl.google.com:443 "GET /dl/cloudsdk/channels/rapid/components/google-cloud-sdk-bq-20250606142749.tar.gz HTTP/11" 200 1848839
2025-06-18 13:34:51,291 INFO     ___FILE_ONLY___ ═
2025-06-18 13:34:51,291 INFO     ___FILE_ONLY___ ═
2025-06-18 13:34:51,291 INFO     ___FILE_ONLY___ ═
2025-06-18 13:34:51,291 INFO     ___FILE_ONLY___ ═
2025-06-18 13:34:51,291 INFO     ___FILE_ONLY___ ═
2025-06-18 13:34:51,291 INFO     ___FILE_ONLY___ ═
2025-06-18 13:34:51,291 INFO     ___FILE_ONLY___ ═
2025-06-18 13:34:51,291 INFO     ___FILE_ONLY___ ═
2025-06-18 13:34:51,291 INFO     ___FILE_ONLY___ ═
2025-06-18 13:34:51,292 INFO     ___FILE_ONLY___ ═
2025-06-18 13:34:51,292 INFO     ___FILE_ONLY___ ═
2025-06-18 13:34:51,292 INFO     ___FILE_ONLY___ ═
2025-06-18 13:34:51,292 INFO     ___FILE_ONLY___ ═
2025-06-18 13:34:51,292 INFO     ___FILE_ONLY___ ═
2025-06-18 13:34:51,292 INFO     ___FILE_ONLY___ ═
2025-06-18 13:34:51,292 INFO     ___FILE_ONLY___ ═
2025-06-18 13:34:51,292 INFO     ___FILE_ONLY___ ═
2025-06-18 13:34:51,292 INFO     ___FILE_ONLY___ ═
2025-06-18 13:34:51,292 INFO     ___FILE_ONLY___ ═
2025-06-18 13:34:51,292 INFO     ___FILE_ONLY___ ═
2025-06-18 13:34:51,292 INFO     ___FILE_ONLY___ ═
2025-06-18 13:34:51,293 INFO     ___FILE_ONLY___ ═
2025-06-18 13:34:51,293 INFO     ___FILE_ONLY___ ═
2025-06-18 13:34:51,293 INFO     ___FILE_ONLY___ ═
2025-06-18 13:34:51,293 INFO     ___FILE_ONLY___ ═
2025-06-18 13:34:51,293 INFO     ___FILE_ONLY___ ═
2025-06-18 13:34:51,293 INFO     ___FILE_ONLY___ ═
2025-06-18 13:34:51,293 INFO     ___FILE_ONLY___ ═
2025-06-18 13:34:51,293 INFO     ___FILE_ONLY___ ═
2025-06-18 13:34:51,293 INFO     ___FILE_ONLY___ ═
2025-06-18 13:34:51,293 INFO     ___FILE_ONLY___ ═
2025-06-18 13:34:51,293 INFO     ___FILE_ONLY___ ═
2025-06-18 13:34:51,293 INFO     ___FILE_ONLY___ ═
2025-06-18 13:34:51,294 INFO     ___FILE_ONLY___ ═
2025-06-18 13:34:51,294 INFO     ___FILE_ONLY___ ═
2025-06-18 13:34:51,294 INFO     ___FILE_ONLY___ ═
2025-06-18 13:34:51,294 INFO     ___FILE_ONLY___ ═
2025-06-18 13:34:51,294 INFO     ___FILE_ONLY___ ═
2025-06-18 13:34:51,294 INFO     ___FILE_ONLY___ ═
2025-06-18 13:34:51,294 INFO     ___FILE_ONLY___ ═
2025-06-18 13:34:51,294 INFO     ___FILE_ONLY___ ═
2025-06-18 13:34:51,294 INFO     ___FILE_ONLY___ ═
2025-06-18 13:34:51,294 INFO     ___FILE_ONLY___ ═
2025-06-18 13:34:51,294 INFO     ___FILE_ONLY___ ═
2025-06-18 13:34:51,295 INFO     ___FILE_ONLY___ ═
2025-06-18 13:34:51,295 INFO     ___FILE_ONLY___ ═
2025-06-18 13:34:51,295 INFO     ___FILE_ONLY___ ═
2025-06-18 13:34:51,295 INFO     ___FILE_ONLY___ ═
2025-06-18 13:34:51,295 INFO     ___FILE_ONLY___ ═
2025-06-18 13:34:51,295 INFO     ___FILE_ONLY___ ═
2025-06-18 13:34:51,295 INFO     ___FILE_ONLY___ ═
2025-06-18 13:34:51,295 INFO     ___FILE_ONLY___ ═
2025-06-18 13:34:51,295 INFO     ___FILE_ONLY___ ═
2025-06-18 13:34:51,295 INFO     ___FILE_ONLY___ ═
2025-06-18 13:34:51,295 INFO     ___FILE_ONLY___ ═
2025-06-18 13:34:51,295 INFO     ___FILE_ONLY___ ═
2025-06-18 13:34:51,296 INFO     ___FILE_ONLY___ ═
2025-06-18 13:34:51,296 INFO     ___FILE_ONLY___ ═
2025-06-18 13:34:51,296 INFO     ___FILE_ONLY___ ═
2025-06-18 13:34:51,296 INFO     ___FILE_ONLY___ ═
2025-06-18 13:34:51,296 INFO     ___FILE_ONLY___ ╝

2025-06-18 13:34:51,298 INFO     ___FILE_ONLY___ ╔════════════════════════════════════════════════════════════╗

2025-06-18 13:34:51,298 INFO     ___FILE_ONLY___ ╠═ Downloading: BigQuery Command Line Tool (Platform Spe... ═╣

2025-06-18 13:34:51,298 INFO     ___FILE_ONLY___ ╚
2025-06-18 13:34:51,302 DEBUG    urllib3.connectionpool Starting new HTTPS connection (1): dl.google.com:443
2025-06-18 13:34:52,379 DEBUG    urllib3.connectionpool https://dl.google.com:443 "GET /dl/cloudsdk/channels/rapid/components/google-cloud-sdk-bq-nix-20250523104322.tar.gz HTTP/11" 200 1935
2025-06-18 13:34:52,380 INFO     ___FILE_ONLY___ ════════════════════════════════════════════════════════════
2025-06-18 13:34:52,380 INFO     ___FILE_ONLY___ ╝

2025-06-18 13:34:52,382 INFO     ___FILE_ONLY___ ╔════════════════════════════════════════════════════════════╗

2025-06-18 13:34:52,382 INFO     ___FILE_ONLY___ ╠═ Downloading: Bundled Python 3.12                         ═╣

2025-06-18 13:34:52,382 INFO     ___FILE_ONLY___ ╚
2025-06-18 13:34:52,382 INFO     ___FILE_ONLY___ ════════════════════════════════════════════════════════════
2025-06-18 13:34:52,382 INFO     ___FILE_ONLY___ ╝

2025-06-18 13:34:52,384 INFO     ___FILE_ONLY___ ╔════════════════════════════════════════════════════════════╗

2025-06-18 13:34:52,384 INFO     ___FILE_ONLY___ ╠═ Downloading: Bundled Python 3.12 (Platform Specific)     ═╣

2025-06-18 13:34:52,384 INFO     ___FILE_ONLY___ ╚
2025-06-18 13:34:52,387 DEBUG    urllib3.connectionpool Starting new HTTPS connection (1): dl.google.com:443
2025-06-18 13:34:53,461 DEBUG    urllib3.connectionpool https://dl.google.com:443 "GET /dl/cloudsdk/channels/rapid/components/google-cloud-sdk-bundled-python3-unix-linux-x86_64-20250502143716.tar.gz HTTP/11" 200 93610468
2025-06-18 13:34:53,788 INFO     ___FILE_ONLY___ ═
2025-06-18 13:34:53,790 INFO     ___FILE_ONLY___ ═
2025-06-18 13:34:53,792 INFO     ___FILE_ONLY___ ═
2025-06-18 13:34:53,794 INFO     ___FILE_ONLY___ ═
2025-06-18 13:34:53,795 INFO     ___FILE_ONLY___ ═
2025-06-18 13:34:53,797 INFO     ___FILE_ONLY___ ═
2025-06-18 13:34:53,799 INFO     ___FILE_ONLY___ ═
2025-06-18 13:34:53,801 INFO     ___FILE_ONLY___ ═
2025-06-18 13:34:53,802 INFO     ___FILE_ONLY___ ═
2025-06-18 13:34:53,804 INFO     ___FILE_ONLY___ ═
2025-06-18 13:34:53,806 INFO     ___FILE_ONLY___ ═
2025-06-18 13:34:53,808 INFO     ___FILE_ONLY___ ═
2025-06-18 13:34:53,809 INFO     ___FILE_ONLY___ ═
2025-06-18 13:34:53,811 INFO     ___FILE_ONLY___ ═
2025-06-18 13:34:53,813 INFO     ___FILE_ONLY___ ═
2025-06-18 13:34:53,814 INFO     ___FILE_ONLY___ ═
2025-06-18 13:34:53,816 INFO     ___FILE_ONLY___ ═
2025-06-18 13:34:53,818 INFO     ___FILE_ONLY___ ═
2025-06-18 13:34:53,820 INFO     ___FILE_ONLY___ ═
2025-06-18 13:34:53,821 INFO     ___FILE_ONLY___ ═
2025-06-18 13:34:53,823 INFO     ___FILE_ONLY___ ═
2025-06-18 13:34:53,825 INFO     ___FILE_ONLY___ ═
2025-06-18 13:34:53,826 INFO     ___FILE_ONLY___ ═
2025-06-18 13:34:53,828 INFO     ___FILE_ONLY___ ═
2025-06-18 13:34:53,830 INFO     ___FILE_ONLY___ ═
2025-06-18 13:34:53,831 INFO     ___FILE_ONLY___ ═
2025-06-18 13:34:53,833 INFO     ___FILE_ONLY___ ═
2025-06-18 13:34:53,835 INFO     ___FILE_ONLY___ ═
2025-06-18 13:34:53,836 INFO     ___FILE_ONLY___ ═
2025-06-18 13:34:53,838 INFO     ___FILE_ONLY___ ═
2025-06-18 13:34:53,840 INFO     ___FILE_ONLY___ ═
2025-06-18 13:34:53,841 INFO     ___FILE_ONLY___ ═
2025-06-18 13:34:53,843 INFO     ___FILE_ONLY___ ═
2025-06-18 13:34:53,845 INFO     ___FILE_ONLY___ ═
2025-06-18 13:34:53,846 INFO     ___FILE_ONLY___ ═
2025-06-18 13:34:53,848 INFO     ___FILE_ONLY___ ═
2025-06-18 13:34:53,850 INFO     ___FILE_ONLY___ ═
2025-06-18 13:34:53,851 INFO     ___FILE_ONLY___ ═
2025-06-18 13:34:53,853 INFO     ___FILE_ONLY___ ═
2025-06-18 13:34:53,855 INFO     ___FILE_ONLY___ ═
2025-06-18 13:34:53,856 INFO     ___FILE_ONLY___ ═
2025-06-18 13:34:53,858 INFO     ___FILE_ONLY___ ═
2025-06-18 13:34:53,860 INFO     ___FILE_ONLY___ ═
2025-06-18 13:34:53,861 INFO     ___FILE_ONLY___ ═
2025-06-18 13:34:53,863 INFO     ___FILE_ONLY___ ═
2025-06-18 13:34:53,864 INFO     ___FILE_ONLY___ ═
2025-06-18 13:34:53,866 INFO     ___FILE_ONLY___ ═
2025-06-18 13:34:53,868 INFO     ___FILE_ONLY___ ═
2025-06-18 13:34:53,869 INFO     ___FILE_ONLY___ ═
2025-06-18 13:34:53,871 INFO     ___FILE_ONLY___ ═
2025-06-18 13:34:53,873 INFO     ___FILE_ONLY___ ═
2025-06-18 13:34:53,874 INFO     ___FILE_ONLY___ ═
2025-06-18 13:34:53,876 INFO     ___FILE_ONLY___ ═
2025-06-18 13:34:53,878 INFO     ___FILE_ONLY___ ═
2025-06-18 13:34:53,879 INFO     ___FILE_ONLY___ ═
2025-06-18 13:34:53,881 INFO     ___FILE_ONLY___ ═
2025-06-18 13:34:53,882 INFO     ___FILE_ONLY___ ═
2025-06-18 13:34:53,884 INFO     ___FILE_ONLY___ ═
2025-06-18 13:34:53,886 INFO     ___FILE_ONLY___ ═
2025-06-18 13:34:53,887 INFO     ___FILE_ONLY___ ═
2025-06-18 13:34:53,887 INFO     ___FILE_ONLY___ ╝

2025-06-18 13:34:53,890 INFO     ___FILE_ONLY___ ╔════════════════════════════════════════════════════════════╗

2025-06-18 13:34:53,890 INFO     ___FILE_ONLY___ ╠═ Downloading: Cloud Storage Command Line Tool             ═╣

2025-06-18 13:34:53,890 INFO     ___FILE_ONLY___ ╚
2025-06-18 13:34:53,893 DEBUG    urllib3.connectionpool Starting new HTTPS connection (1): dl.google.com:443
2025-06-18 13:34:54,995 DEBUG    urllib3.connectionpool https://dl.google.com:443 "GET /dl/cloudsdk/channels/rapid/components/google-cloud-sdk-gsutil-20250418150427.tar.gz HTTP/11" 200 12382702
2025-06-18 13:34:55,039 INFO     ___FILE_ONLY___ ═
2025-06-18 13:34:55,039 INFO     ___FILE_ONLY___ ═
2025-06-18 13:34:55,040 INFO     ___FILE_ONLY___ ═
2025-06-18 13:34:55,040 INFO     ___FILE_ONLY___ ═
2025-06-18 13:34:55,040 INFO     ___FILE_ONLY___ ═
2025-06-18 13:34:55,041 INFO     ___FILE_ONLY___ ═
2025-06-18 13:34:55,041 INFO     ___FILE_ONLY___ ═
2025-06-18 13:34:55,041 INFO     ___FILE_ONLY___ ═
2025-06-18 13:34:55,041 INFO     ___FILE_ONLY___ ═
2025-06-18 13:34:55,042 INFO     ___FILE_ONLY___ ═
2025-06-18 13:34:55,042 INFO     ___FILE_ONLY___ ═
2025-06-18 13:34:55,042 INFO     ___FILE_ONLY___ ═
2025-06-18 13:34:55,043 INFO     ___FILE_ONLY___ ═
2025-06-18 13:34:55,043 INFO     ___FILE_ONLY___ ═
2025-06-18 13:34:55,043 INFO     ___FILE_ONLY___ ═
2025-06-18 13:34:55,043 INFO     ___FILE_ONLY___ ═
2025-06-18 13:34:55,044 INFO     ___FILE_ONLY___ ═
2025-06-18 13:34:55,044 INFO     ___FILE_ONLY___ ═
2025-06-18 13:34:55,044 INFO     ___FILE_ONLY___ ═
2025-06-18 13:34:55,044 INFO     ___FILE_ONLY___ ═
2025-06-18 13:34:55,045 INFO     ___FILE_ONLY___ ═
2025-06-18 13:34:55,045 INFO     ___FILE_ONLY___ ═
2025-06-18 13:34:55,045 INFO     ___FILE_ONLY___ ═
2025-06-18 13:34:55,045 INFO     ___FILE_ONLY___ ═
2025-06-18 13:34:55,046 INFO     ___FILE_ONLY___ ═
2025-06-18 13:34:55,046 INFO     ___FILE_ONLY___ ═
2025-06-18 13:34:55,046 INFO     ___FILE_ONLY___ ═
2025-06-18 13:34:55,047 INFO     ___FILE_ONLY___ ═
2025-06-18 13:34:55,047 INFO     ___FILE_ONLY___ ═
2025-06-18 13:34:55,047 INFO     ___FILE_ONLY___ ═
2025-06-18 13:34:55,047 INFO     ___FILE_ONLY___ ═
2025-06-18 13:34:55,048 INFO     ___FILE_ONLY___ ═
2025-06-18 13:34:55,048 INFO     ___FILE_ONLY___ ═
2025-06-18 13:34:55,048 INFO     ___FILE_ONLY___ ═
2025-06-18 13:34:55,048 INFO     ___FILE_ONLY___ ═
2025-06-18 13:34:55,049 INFO     ___FILE_ONLY___ ═
2025-06-18 13:34:55,049 INFO     ___FILE_ONLY___ ═
2025-06-18 13:34:55,049 INFO     ___FILE_ONLY___ ═
2025-06-18 13:34:55,050 INFO     ___FILE_ONLY___ ═
2025-06-18 13:34:55,050 INFO     ___FILE_ONLY___ ═
2025-06-18 13:34:55,050 INFO     ___FILE_ONLY___ ═
2025-06-18 13:34:55,050 INFO     ___FILE_ONLY___ ═
2025-06-18 13:34:55,051 INFO     ___FILE_ONLY___ ═
2025-06-18 13:34:55,051 INFO     ___FILE_ONLY___ ═
2025-06-18 13:34:55,051 INFO     ___FILE_ONLY___ ═
2025-06-18 13:34:55,052 INFO     ___FILE_ONLY___ ═
2025-06-18 13:34:55,052 INFO     ___FILE_ONLY___ ═
2025-06-18 13:34:55,052 INFO     ___FILE_ONLY___ ═
2025-06-18 13:34:55,052 INFO     ___FILE_ONLY___ ═
2025-06-18 13:34:55,053 INFO     ___FILE_ONLY___ ═
2025-06-18 13:34:55,053 INFO     ___FILE_ONLY___ ═
2025-06-18 13:34:55,053 INFO     ___FILE_ONLY___ ═
2025-06-18 13:34:55,053 INFO     ___FILE_ONLY___ ═
2025-06-18 13:34:55,054 INFO     ___FILE_ONLY___ ═
2025-06-18 13:34:55,054 INFO     ___FILE_ONLY___ ═
2025-06-18 13:34:55,054 INFO     ___FILE_ONLY___ ═
2025-06-18 13:34:55,055 INFO     ___FILE_ONLY___ ═
2025-06-18 13:34:55,055 INFO     ___FILE_ONLY___ ═
2025-06-18 13:34:55,055 INFO     ___FILE_ONLY___ ═
2025-06-18 13:34:55,056 INFO     ___FILE_ONLY___ ═
2025-06-18 13:34:55,056 INFO     ___FILE_ONLY___ ╝

2025-06-18 13:34:55,058 INFO     ___FILE_ONLY___ ╔════════════════════════════════════════════════════════════╗

2025-06-18 13:34:55,058 INFO     ___FILE_ONLY___ ╠═ Downloading: Cloud Storage Command Line Tool (Platfor... ═╣

2025-06-18 13:34:55,058 INFO     ___FILE_ONLY___ ╚
2025-06-18 13:34:55,061 DEBUG    urllib3.connectionpool Starting new HTTPS connection (1): dl.google.com:443
2025-06-18 13:34:55,245 DEBUG    urllib3.connectionpool https://dl.google.com:443 "GET /dl/cloudsdk/channels/rapid/components/google-cloud-sdk-gsutil-nix-20250523104322.tar.gz HTTP/11" 200 1950
2025-06-18 13:34:55,246 INFO     ___FILE_ONLY___ ════════════════════════════════════════════════════════════
2025-06-18 13:34:55,246 INFO     ___FILE_ONLY___ ╝

2025-06-18 13:34:55,248 INFO     ___FILE_ONLY___ ╔════════════════════════════════════════════════════════════╗

2025-06-18 13:34:55,248 INFO     ___FILE_ONLY___ ╠═ Downloading: Default set of gcloud commands              ═╣

2025-06-18 13:34:55,248 INFO     ___FILE_ONLY___ ╚
2025-06-18 13:34:55,248 INFO     ___FILE_ONLY___ ════════════════════════════════════════════════════════════
2025-06-18 13:34:55,248 INFO     ___FILE_ONLY___ ╝

2025-06-18 13:34:55,250 INFO     ___FILE_ONLY___ ╔════════════════════════════════════════════════════════════╗

2025-06-18 13:34:55,250 INFO     ___FILE_ONLY___ ╠═ Downloading: Google Cloud CLI Core Libraries (Platfor... ═╣

2025-06-18 13:34:55,250 INFO     ___FILE_ONLY___ ╚
2025-06-18 13:34:55,253 DEBUG    urllib3.connectionpool Starting new HTTPS connection (1): dl.google.com:443
2025-06-18 13:34:56,302 DEBUG    urllib3.connectionpool https://dl.google.com:443 "GET /dl/cloudsdk/channels/rapid/components/google-cloud-sdk-core-nix-20250523104322.tar.gz HTTP/11" 200 2325
2025-06-18 13:34:56,303 INFO     ___FILE_ONLY___ ════════════════════════════════════════════════════════════
2025-06-18 13:34:56,303 INFO     ___FILE_ONLY___ ╝

2025-06-18 13:34:56,305 INFO     ___FILE_ONLY___ ╔════════════════════════════════════════════════════════════╗

2025-06-18 13:34:56,305 INFO     ___FILE_ONLY___ ╠═ Downloading: Google Cloud CRC32C Hash Tool               ═╣

2025-06-18 13:34:56,305 INFO     ___FILE_ONLY___ ╚
2025-06-18 13:34:56,305 INFO     ___FILE_ONLY___ ════════════════════════════════════════════════════════════
2025-06-18 13:34:56,305 INFO     ___FILE_ONLY___ ╝

2025-06-18 13:34:56,307 INFO     ___FILE_ONLY___ ╔════════════════════════════════════════════════════════════╗

2025-06-18 13:34:56,307 INFO     ___FILE_ONLY___ ╠═ Downloading: Google Cloud CRC32C Hash Tool (Platform ... ═╣

2025-06-18 13:34:56,307 INFO     ___FILE_ONLY___ ╚
2025-06-18 13:34:56,310 DEBUG    urllib3.connectionpool Starting new HTTPS connection (1): dl.google.com:443
2025-06-18 13:34:57,364 DEBUG    urllib3.connectionpool https://dl.google.com:443 "GET /dl/cloudsdk/channels/rapid/components/google-cloud-sdk-gcloud-crc32c-linux-x86_64-20250613150750.tar.gz HTTP/11" 200 1525557
2025-06-18 13:34:57,375 INFO     ___FILE_ONLY___ ═
2025-06-18 13:34:57,375 INFO     ___FILE_ONLY___ ═
2025-06-18 13:34:57,375 INFO     ___FILE_ONLY___ ═
2025-06-18 13:34:57,375 INFO     ___FILE_ONLY___ ═
2025-06-18 13:34:57,375 INFO     ___FILE_ONLY___ ═
2025-06-18 13:34:57,375 INFO     ___FILE_ONLY___ ═
2025-06-18 13:34:57,375 INFO     ___FILE_ONLY___ ═
2025-06-18 13:34:57,375 INFO     ___FILE_ONLY___ ═
2025-06-18 13:34:57,375 INFO     ___FILE_ONLY___ ═
2025-06-18 13:34:57,375 INFO     ___FILE_ONLY___ ═
2025-06-18 13:34:57,376 INFO     ___FILE_ONLY___ ═
2025-06-18 13:34:57,376 INFO     ___FILE_ONLY___ ═
2025-06-18 13:34:57,376 INFO     ___FILE_ONLY___ ═
2025-06-18 13:34:57,376 INFO     ___FILE_ONLY___ ═
2025-06-18 13:34:57,376 INFO     ___FILE_ONLY___ ═
2025-06-18 13:34:57,376 INFO     ___FILE_ONLY___ ═
2025-06-18 13:34:57,376 INFO     ___FILE_ONLY___ ═
2025-06-18 13:34:57,376 INFO     ___FILE_ONLY___ ═
2025-06-18 13:34:57,376 INFO     ___FILE_ONLY___ ═
2025-06-18 13:34:57,376 INFO     ___FILE_ONLY___ ═
2025-06-18 13:34:57,376 INFO     ___FILE_ONLY___ ═
2025-06-18 13:34:57,376 INFO     ___FILE_ONLY___ ═
2025-06-18 13:34:57,377 INFO     ___FILE_ONLY___ ═
2025-06-18 13:34:57,377 INFO     ___FILE_ONLY___ ═
2025-06-18 13:34:57,377 INFO     ___FILE_ONLY___ ═
2025-06-18 13:34:57,377 INFO     ___FILE_ONLY___ ═
2025-06-18 13:34:57,377 INFO     ___FILE_ONLY___ ═
2025-06-18 13:34:57,377 INFO     ___FILE_ONLY___ ═
2025-06-18 13:34:57,377 INFO     ___FILE_ONLY___ ═
2025-06-18 13:34:57,377 INFO     ___FILE_ONLY___ ═
2025-06-18 13:34:57,377 INFO     ___FILE_ONLY___ ═
2025-06-18 13:34:57,377 INFO     ___FILE_ONLY___ ═
2025-06-18 13:34:57,377 INFO     ___FILE_ONLY___ ═
2025-06-18 13:34:57,377 INFO     ___FILE_ONLY___ ═
2025-06-18 13:34:57,378 INFO     ___FILE_ONLY___ ═
2025-06-18 13:34:57,378 INFO     ___FILE_ONLY___ ═
2025-06-18 13:34:57,378 INFO     ___FILE_ONLY___ ═
2025-06-18 13:34:57,378 INFO     ___FILE_ONLY___ ═
2025-06-18 13:34:57,378 INFO     ___FILE_ONLY___ ═
2025-06-18 13:34:57,378 INFO     ___FILE_ONLY___ ═
2025-06-18 13:34:57,378 INFO     ___FILE_ONLY___ ═
2025-06-18 13:34:57,378 INFO     ___FILE_ONLY___ ═
2025-06-18 13:34:57,378 INFO     ___FILE_ONLY___ ═
2025-06-18 13:34:57,378 INFO     ___FILE_ONLY___ ═
2025-06-18 13:34:57,378 INFO     ___FILE_ONLY___ ═
2025-06-18 13:34:57,379 INFO     ___FILE_ONLY___ ═
2025-06-18 13:34:57,379 INFO     ___FILE_ONLY___ ═
2025-06-18 13:34:57,379 INFO     ___FILE_ONLY___ ═
2025-06-18 13:34:57,379 INFO     ___FILE_ONLY___ ═
2025-06-18 13:34:57,379 INFO     ___FILE_ONLY___ ═
2025-06-18 13:34:57,379 INFO     ___FILE_ONLY___ ═
2025-06-18 13:34:57,379 INFO     ___FILE_ONLY___ ═
2025-06-18 13:34:57,379 INFO     ___FILE_ONLY___ ═
2025-06-18 13:34:57,379 INFO     ___FILE_ONLY___ ═
2025-06-18 13:34:57,379 INFO     ___FILE_ONLY___ ═
2025-06-18 13:34:57,379 INFO     ___FILE_ONLY___ ═
2025-06-18 13:34:57,379 INFO     ___FILE_ONLY___ ═
2025-06-18 13:34:57,379 INFO     ___FILE_ONLY___ ═
2025-06-18 13:34:57,380 INFO     ___FILE_ONLY___ ═
2025-06-18 13:34:57,380 INFO     ___FILE_ONLY___ ═
2025-06-18 13:34:57,380 INFO     ___FILE_ONLY___ ╝

2025-06-18 13:34:57,382 INFO     ___FILE_ONLY___ ╔════════════════════════════════════════════════════════════╗

2025-06-18 13:34:57,382 INFO     ___FILE_ONLY___ ╠═ Downloading: gcloud cli dependencies (Platform Specific) ═╣

2025-06-18 13:34:57,382 INFO     ___FILE_ONLY___ ╚
2025-06-18 13:34:57,385 DEBUG    urllib3.connectionpool Starting new HTTPS connection (1): dl.google.com:443
2025-06-18 13:34:57,574 DEBUG    urllib3.connectionpool https://dl.google.com:443 "GET /dl/cloudsdk/channels/rapid/components/google-cloud-sdk-gcloud-deps-linux-x86_64-20210416153011.tar.gz HTTP/11" 200 104
2025-06-18 13:34:57,574 INFO     ___FILE_ONLY___ ════════════════════════════════════════════════════════════
2025-06-18 13:34:57,574 INFO     ___FILE_ONLY___ ╝

2025-06-18 13:34:57,576 INFO     ___FILE_ONLY___ ╔════════════════════════════════════════════════════════════╗

2025-06-18 13:34:57,577 INFO     ___FILE_ONLY___ ╠═ Installing: BigQuery Command Line Tool                   ═╣

2025-06-18 13:34:57,577 INFO     ___FILE_ONLY___ ╚
2025-06-18 13:34:57,671 INFO     ___FILE_ONLY___ ═
2025-06-18 13:34:57,673 INFO     ___FILE_ONLY___ ═
2025-06-18 13:34:57,675 INFO     ___FILE_ONLY___ ═
2025-06-18 13:34:57,677 INFO     ___FILE_ONLY___ ═
2025-06-18 13:34:57,680 INFO     ___FILE_ONLY___ ═
2025-06-18 13:34:57,682 INFO     ___FILE_ONLY___ ═
2025-06-18 13:34:57,685 INFO     ___FILE_ONLY___ ═
2025-06-18 13:34:57,686 INFO     ___FILE_ONLY___ ═
2025-06-18 13:34:57,688 INFO     ___FILE_ONLY___ ═
2025-06-18 13:34:57,690 INFO     ___FILE_ONLY___ ═
2025-06-18 13:34:57,693 INFO     ___FILE_ONLY___ ═
2025-06-18 13:34:57,694 INFO     ___FILE_ONLY___ ═
2025-06-18 13:34:57,696 INFO     ___FILE_ONLY___ ═
2025-06-18 13:34:57,698 INFO     ___FILE_ONLY___ ═
2025-06-18 13:34:57,700 INFO     ___FILE_ONLY___ ═
2025-06-18 13:34:57,702 INFO     ___FILE_ONLY___ ═
2025-06-18 13:34:57,705 INFO     ___FILE_ONLY___ ═
2025-06-18 13:34:57,706 INFO     ___FILE_ONLY___ ═
2025-06-18 13:34:57,708 INFO     ___FILE_ONLY___ ═
2025-06-18 13:34:57,711 INFO     ___FILE_ONLY___ ═
2025-06-18 13:34:57,714 INFO     ___FILE_ONLY___ ═
2025-06-18 13:34:57,716 INFO     ___FILE_ONLY___ ═
2025-06-18 13:34:57,718 INFO     ___FILE_ONLY___ ═
2025-06-18 13:34:57,720 INFO     ___FILE_ONLY___ ═
2025-06-18 13:34:57,721 INFO     ___FILE_ONLY___ ═
2025-06-18 13:34:57,723 INFO     ___FILE_ONLY___ ═
2025-06-18 13:34:57,725 INFO     ___FILE_ONLY___ ═
2025-06-18 13:34:57,727 INFO     ___FILE_ONLY___ ═
2025-06-18 13:34:57,729 INFO     ___FILE_ONLY___ ═
2025-06-18 13:34:57,733 INFO     ___FILE_ONLY___ ═
2025-06-18 13:34:57,734 INFO     ___FILE_ONLY___ ═
2025-06-18 13:34:57,736 INFO     ___FILE_ONLY___ ═
2025-06-18 13:34:57,738 INFO     ___FILE_ONLY___ ═
2025-06-18 13:34:57,741 INFO     ___FILE_ONLY___ ═
2025-06-18 13:34:57,744 INFO     ___FILE_ONLY___ ═
2025-06-18 13:34:57,750 INFO     ___FILE_ONLY___ ═
2025-06-18 13:34:57,756 INFO     ___FILE_ONLY___ ═
2025-06-18 13:34:57,760 INFO     ___FILE_ONLY___ ═
2025-06-18 13:34:57,762 INFO     ___FILE_ONLY___ ═
2025-06-18 13:34:57,764 INFO     ___FILE_ONLY___ ═
2025-06-18 13:34:57,766 INFO     ___FILE_ONLY___ ═
2025-06-18 13:34:57,768 INFO     ___FILE_ONLY___ ═
2025-06-18 13:34:57,772 INFO     ___FILE_ONLY___ ═
2025-06-18 13:34:57,775 INFO     ___FILE_ONLY___ ═
2025-06-18 13:34:57,777 INFO     ___FILE_ONLY___ ═
2025-06-18 13:34:57,779 INFO     ___FILE_ONLY___ ═
2025-06-18 13:34:57,781 INFO     ___FILE_ONLY___ ═
2025-06-18 13:34:57,783 INFO     ___FILE_ONLY___ ═
2025-06-18 13:34:57,785 INFO     ___FILE_ONLY___ ═
2025-06-18 13:34:57,787 INFO     ___FILE_ONLY___ ═
2025-06-18 13:34:57,789 INFO     ___FILE_ONLY___ ═
2025-06-18 13:34:57,791 INFO     ___FILE_ONLY___ ═
2025-06-18 13:34:57,793 INFO     ___FILE_ONLY___ ═
2025-06-18 13:34:57,795 INFO     ___FILE_ONLY___ ═
2025-06-18 13:34:57,797 INFO     ___FILE_ONLY___ ═
2025-06-18 13:34:57,799 INFO     ___FILE_ONLY___ ═
2025-06-18 13:34:57,801 INFO     ___FILE_ONLY___ ═
2025-06-18 13:34:57,803 INFO     ___FILE_ONLY___ ═
2025-06-18 13:34:57,804 INFO     ___FILE_ONLY___ ═
2025-06-18 13:34:57,807 INFO     ___FILE_ONLY___ ═
2025-06-18 13:34:57,807 INFO     ___FILE_ONLY___ ╝

2025-06-18 13:34:57,814 INFO     ___FILE_ONLY___ ╔════════════════════════════════════════════════════════════╗

2025-06-18 13:34:57,814 INFO     ___FILE_ONLY___ ╠═ Installing: BigQuery Command Line Tool (Platform Spec... ═╣

2025-06-18 13:34:57,815 INFO     ___FILE_ONLY___ ╚
2025-06-18 13:34:57,815 INFO     ___FILE_ONLY___ ════════════════════════════════════════════════════════════
2025-06-18 13:34:57,815 INFO     ___FILE_ONLY___ ╝

2025-06-18 13:34:57,821 INFO     ___FILE_ONLY___ ╔════════════════════════════════════════════════════════════╗

2025-06-18 13:34:57,821 INFO     ___FILE_ONLY___ ╠═ Installing: Bundled Python 3.12                          ═╣

2025-06-18 13:34:57,822 INFO     ___FILE_ONLY___ ╚
2025-06-18 13:34:57,824 INFO     ___FILE_ONLY___ ════════════════════════════════════════════════════════════
2025-06-18 13:34:57,824 INFO     ___FILE_ONLY___ ╝

2025-06-18 13:34:57,826 INFO     ___FILE_ONLY___ ╔════════════════════════════════════════════════════════════╗

2025-06-18 13:34:57,826 INFO     ___FILE_ONLY___ ╠═ Installing: Bundled Python 3.12 (Platform Specific)      ═╣

2025-06-18 13:34:57,826 INFO     ___FILE_ONLY___ ╚
2025-06-18 13:35:00,074 INFO     ___FILE_ONLY___ ═
2025-06-18 13:35:00,085 INFO     ___FILE_ONLY___ ═
2025-06-18 13:35:00,096 INFO     ___FILE_ONLY___ ═
2025-06-18 13:35:00,108 INFO     ___FILE_ONLY___ ═
2025-06-18 13:35:00,120 INFO     ___FILE_ONLY___ ═
2025-06-18 13:35:00,132 INFO     ___FILE_ONLY___ ═
2025-06-18 13:35:00,144 INFO     ___FILE_ONLY___ ═
2025-06-18 13:35:00,155 INFO     ___FILE_ONLY___ ═
2025-06-18 13:35:00,167 INFO     ___FILE_ONLY___ ═
2025-06-18 13:35:00,178 INFO     ___FILE_ONLY___ ═
2025-06-18 13:35:00,189 INFO     ___FILE_ONLY___ ═
2025-06-18 13:35:00,200 INFO     ___FILE_ONLY___ ═
2025-06-18 13:35:00,212 INFO     ___FILE_ONLY___ ═
2025-06-18 13:35:00,223 INFO     ___FILE_ONLY___ ═
2025-06-18 13:35:00,234 INFO     ___FILE_ONLY___ ═
2025-06-18 13:35:00,246 INFO     ___FILE_ONLY___ ═
2025-06-18 13:35:00,257 INFO     ___FILE_ONLY___ ═
2025-06-18 13:35:00,269 INFO     ___FILE_ONLY___ ═
2025-06-18 13:35:00,280 INFO     ___FILE_ONLY___ ═
2025-06-18 13:35:00,292 INFO     ___FILE_ONLY___ ═
2025-06-18 13:35:00,303 INFO     ___FILE_ONLY___ ═
2025-06-18 13:35:00,315 INFO     ___FILE_ONLY___ ═
2025-06-18 13:35:00,330 INFO     ___FILE_ONLY___ ═
2025-06-18 13:35:00,344 INFO     ___FILE_ONLY___ ═
2025-06-18 13:35:00,358 INFO     ___FILE_ONLY___ ═
2025-06-18 13:35:00,373 INFO     ___FILE_ONLY___ ═
2025-06-18 13:35:00,384 INFO     ___FILE_ONLY___ ═
2025-06-18 13:35:00,396 INFO     ___FILE_ONLY___ ═
2025-06-18 13:35:00,410 INFO     ___FILE_ONLY___ ═
2025-06-18 13:35:00,424 INFO     ___FILE_ONLY___ ═
2025-06-18 13:35:00,438 INFO     ___FILE_ONLY___ ═
2025-06-18 13:35:00,451 INFO     ___FILE_ONLY___ ═
2025-06-18 13:35:00,463 INFO     ___FILE_ONLY___ ═
2025-06-18 13:35:00,480 INFO     ___FILE_ONLY___ ═
2025-06-18 13:35:00,496 INFO     ___FILE_ONLY___ ═
2025-06-18 13:35:00,510 INFO     ___FILE_ONLY___ ═
2025-06-18 13:35:01,371 INFO     ___FILE_ONLY___ ═
2025-06-18 13:35:01,394 INFO     ___FILE_ONLY___ ═
2025-06-18 13:35:01,890 INFO     ___FILE_ONLY___ ═
2025-06-18 13:35:01,907 INFO     ___FILE_ONLY___ ═
2025-06-18 13:35:01,928 INFO     ___FILE_ONLY___ ═
2025-06-18 13:35:01,952 INFO     ___FILE_ONLY___ ═
2025-06-18 13:35:01,970 INFO     ___FILE_ONLY___ ═
2025-06-18 13:35:01,996 INFO     ___FILE_ONLY___ ═
2025-06-18 13:35:02,016 INFO     ___FILE_ONLY___ ═
2025-06-18 13:35:02,034 INFO     ___FILE_ONLY___ ═
2025-06-18 13:35:02,049 INFO     ___FILE_ONLY___ ═
2025-06-18 13:35:02,066 INFO     ___FILE_ONLY___ ═
2025-06-18 13:35:02,154 INFO     ___FILE_ONLY___ ═
2025-06-18 13:35:02,171 INFO     ___FILE_ONLY___ ═
2025-06-18 13:35:02,311 INFO     ___FILE_ONLY___ ═
2025-06-18 13:35:02,326 INFO     ___FILE_ONLY___ ═
2025-06-18 13:35:02,343 INFO     ___FILE_ONLY___ ═
2025-06-18 13:35:02,360 INFO     ___FILE_ONLY___ ═
2025-06-18 13:35:02,375 INFO     ___FILE_ONLY___ ═
2025-06-18 13:35:02,392 INFO     ___FILE_ONLY___ ═
2025-06-18 13:35:02,409 INFO     ___FILE_ONLY___ ═
2025-06-18 13:35:02,425 INFO     ___FILE_ONLY___ ═
2025-06-18 13:35:02,453 INFO     ___FILE_ONLY___ ═
2025-06-18 13:35:02,936 INFO     ___FILE_ONLY___ ═
2025-06-18 13:35:02,936 INFO     ___FILE_ONLY___ ╝

2025-06-18 13:35:02,988 INFO     ___FILE_ONLY___ ╔════════════════════════════════════════════════════════════╗

2025-06-18 13:35:02,988 INFO     ___FILE_ONLY___ ╠═ Installing: Cloud Storage Command Line Tool              ═╣

2025-06-18 13:35:02,988 INFO     ___FILE_ONLY___ ╚
2025-06-18 13:35:03,505 INFO     ___FILE_ONLY___ ═
2025-06-18 13:35:03,516 INFO     ___FILE_ONLY___ ═
2025-06-18 13:35:03,526 INFO     ___FILE_ONLY___ ═
2025-06-18 13:35:03,536 INFO     ___FILE_ONLY___ ═
2025-06-18 13:35:03,545 INFO     ___FILE_ONLY___ ═
2025-06-18 13:35:03,579 INFO     ___FILE_ONLY___ ═
2025-06-18 13:35:03,591 INFO     ___FILE_ONLY___ ═
2025-06-18 13:35:03,606 INFO     ___FILE_ONLY___ ═
2025-06-18 13:35:03,617 INFO     ___FILE_ONLY___ ═
2025-06-18 13:35:03,634 INFO     ___FILE_ONLY___ ═
2025-06-18 13:35:03,646 INFO     ___FILE_ONLY___ ═
2025-06-18 13:35:03,656 INFO     ___FILE_ONLY___ ═
2025-06-18 13:35:03,666 INFO     ___FILE_ONLY___ ═
2025-06-18 13:35:03,674 INFO     ___FILE_ONLY___ ═
2025-06-18 13:35:03,685 INFO     ___FILE_ONLY___ ═
2025-06-18 13:35:03,700 INFO     ___FILE_ONLY___ ═
2025-06-18 13:35:03,713 INFO     ___FILE_ONLY___ ═
2025-06-18 13:35:03,722 INFO     ___FILE_ONLY___ ═
2025-06-18 13:35:03,735 INFO     ___FILE_ONLY___ ═
2025-06-18 13:35:03,744 INFO     ___FILE_ONLY___ ═
2025-06-18 13:35:03,755 INFO     ___FILE_ONLY___ ═
2025-06-18 13:35:03,766 INFO     ___FILE_ONLY___ ═
2025-06-18 13:35:03,776 INFO     ___FILE_ONLY___ ═
2025-06-18 13:35:03,786 INFO     ___FILE_ONLY___ ═
2025-06-18 13:35:03,795 INFO     ___FILE_ONLY___ ═
2025-06-18 13:35:03,805 INFO     ___FILE_ONLY___ ═
2025-06-18 13:35:03,817 INFO     ___FILE_ONLY___ ═
2025-06-18 13:35:03,834 INFO     ___FILE_ONLY___ ═
2025-06-18 13:35:03,844 INFO     ___FILE_ONLY___ ═
2025-06-18 13:35:03,858 INFO     ___FILE_ONLY___ ═
2025-06-18 13:35:03,877 INFO     ___FILE_ONLY___ ═
2025-06-18 13:35:03,892 INFO     ___FILE_ONLY___ ═
2025-06-18 13:35:03,909 INFO     ___FILE_ONLY___ ═
2025-06-18 13:35:03,926 INFO     ___FILE_ONLY___ ═
2025-06-18 13:35:03,940 INFO     ___FILE_ONLY___ ═
2025-06-18 13:35:03,951 INFO     ___FILE_ONLY___ ═
2025-06-18 13:35:03,960 INFO     ___FILE_ONLY___ ═
2025-06-18 13:35:03,974 INFO     ___FILE_ONLY___ ═
2025-06-18 13:35:03,987 INFO     ___FILE_ONLY___ ═
2025-06-18 13:35:03,999 INFO     ___FILE_ONLY___ ═
2025-06-18 13:35:04,009 INFO     ___FILE_ONLY___ ═
2025-06-18 13:35:04,019 INFO     ___FILE_ONLY___ ═
2025-06-18 13:35:04,028 INFO     ___FILE_ONLY___ ═
2025-06-18 13:35:04,038 INFO     ___FILE_ONLY___ ═
2025-06-18 13:35:04,048 INFO     ___FILE_ONLY___ ═
2025-06-18 13:35:04,056 INFO     ___FILE_ONLY___ ═
2025-06-18 13:35:04,065 INFO     ___FILE_ONLY___ ═
2025-06-18 13:35:04,074 INFO     ___FILE_ONLY___ ═
2025-06-18 13:35:04,084 INFO     ___FILE_ONLY___ ═
2025-06-18 13:35:04,096 INFO     ___FILE_ONLY___ ═
2025-06-18 13:35:04,109 INFO     ___FILE_ONLY___ ═
2025-06-18 13:35:04,122 INFO     ___FILE_ONLY___ ═
2025-06-18 13:35:04,134 INFO     ___FILE_ONLY___ ═
2025-06-18 13:35:04,147 INFO     ___FILE_ONLY___ ═
2025-06-18 13:35:04,159 INFO     ___FILE_ONLY___ ═
2025-06-18 13:35:04,173 INFO     ___FILE_ONLY___ ═
2025-06-18 13:35:04,188 INFO     ___FILE_ONLY___ ═
2025-06-18 13:35:04,208 INFO     ___FILE_ONLY___ ═
2025-06-18 13:35:04,223 INFO     ___FILE_ONLY___ ═
2025-06-18 13:35:04,240 INFO     ___FILE_ONLY___ ═
2025-06-18 13:35:04,240 INFO     ___FILE_ONLY___ ╝

2025-06-18 13:35:04,270 INFO     ___FILE_ONLY___ ╔════════════════════════════════════════════════════════════╗

2025-06-18 13:35:04,270 INFO     ___FILE_ONLY___ ╠═ Installing: Cloud Storage Command Line Tool (Platform... ═╣

2025-06-18 13:35:04,270 INFO     ___FILE_ONLY___ ╚
2025-06-18 13:35:04,271 INFO     ___FILE_ONLY___ ════════════════════════════════════════════════════════════
2025-06-18 13:35:04,271 INFO     ___FILE_ONLY___ ╝

2025-06-18 13:35:04,275 INFO     ___FILE_ONLY___ ╔════════════════════════════════════════════════════════════╗

2025-06-18 13:35:04,276 INFO     ___FILE_ONLY___ ╠═ Installing: Default set of gcloud commands               ═╣

2025-06-18 13:35:04,276 INFO     ___FILE_ONLY___ ╚
2025-06-18 13:35:04,278 INFO     ___FILE_ONLY___ ════════════════════════════════════════════════════════════
2025-06-18 13:35:04,278 INFO     ___FILE_ONLY___ ╝

2025-06-18 13:35:04,280 INFO     ___FILE_ONLY___ ╔════════════════════════════════════════════════════════════╗

2025-06-18 13:35:04,280 INFO     ___FILE_ONLY___ ╠═ Installing: Google Cloud CLI Core Libraries (Platform... ═╣

2025-06-18 13:35:04,280 INFO     ___FILE_ONLY___ ╚
2025-06-18 13:35:04,281 INFO     ___FILE_ONLY___ ══════════════════════════════
2025-06-18 13:35:04,281 INFO     ___FILE_ONLY___ ══════════════════════════════
2025-06-18 13:35:04,281 INFO     ___FILE_ONLY___ ╝

2025-06-18 13:35:04,285 INFO     ___FILE_ONLY___ ╔════════════════════════════════════════════════════════════╗

2025-06-18 13:35:04,285 INFO     ___FILE_ONLY___ ╠═ Installing: Google Cloud CRC32C Hash Tool                ═╣

2025-06-18 13:35:04,285 INFO     ___FILE_ONLY___ ╚
2025-06-18 13:35:04,288 INFO     ___FILE_ONLY___ ════════════════════════════════════════════════════════════
2025-06-18 13:35:04,288 INFO     ___FILE_ONLY___ ╝

2025-06-18 13:35:04,289 INFO     ___FILE_ONLY___ ╔════════════════════════════════════════════════════════════╗

2025-06-18 13:35:04,289 INFO     ___FILE_ONLY___ ╠═ Installing: Google Cloud CRC32C Hash Tool (Platform S... ═╣

2025-06-18 13:35:04,289 INFO     ___FILE_ONLY___ ╚
2025-06-18 13:35:04,328 INFO     ___FILE_ONLY___ ══════════════════════════════
2025-06-18 13:35:04,328 INFO     ___FILE_ONLY___ ══════════════════════════════
2025-06-18 13:35:04,328 INFO     ___FILE_ONLY___ ╝

2025-06-18 13:35:04,333 INFO     ___FILE_ONLY___ ╔════════════════════════════════════════════════════════════╗

2025-06-18 13:35:04,334 INFO     ___FILE_ONLY___ ╠═ Installing: gcloud cli dependencies (Platform Specific)  ═╣

2025-06-18 13:35:04,334 INFO     ___FILE_ONLY___ ╚
2025-06-18 13:35:04,334 INFO     ___FILE_ONLY___ ════════════════════════════════════════════════════════════
2025-06-18 13:35:04,334 INFO     ___FILE_ONLY___ ╝

2025-06-18 13:35:04,339 DEBUG    root            Updating notification cache...
2025-06-18 13:35:04,339 INFO     ___FILE_ONLY___ 

2025-06-18 13:35:04,341 INFO     ___FILE_ONLY___ Performing post processing steps...
2025-06-18 13:35:04,342 DEBUG    root            Executing command: ['/tools/google-cloud-sdk/bin/gcloud', 'components', 'post-process']
2025-06-18 13:35:12,663 DEBUG    ___FILE_ONLY___ 
2025-06-18 13:35:12,663 DEBUG    ___FILE_ONLY___ 
2025-06-18 13:35:12,879 INFO     root            descriptor_list: [{'universeDomain': 'googleapis.com', 'universeShortName': '', 'authenticationDomain': 'auth.cloud.google.com', 'projectPrefix': '', 'cloudWebDomain': 'cloud.google.com', 'documentationDomain': 'cloud.google.com', 'version': '1.0.0', 'state': 'primary', 'artifactRegistryDomain': 'pkg.dev'}]
2025-06-18 13:35:12,880 INFO     ___FILE_ONLY___ 
Update done!


2025-06-18 13:35:12,882 DEBUG    root            Chosen display Format:none
2025-06-18 13:35:12,883 INFO     root            Display format: "none"
